build/outputs/logs/manifest-merger-debug-report.txt
-- Merging decision tree log ---
manifest
ADDED from myApps/keyboard/AndroidManifest.xml:2:1-30:12
	xmlns:android
		ADDED from myApps/keyboard/AndroidManifest.xml:2:11-69
	package
		ADDED from myApps/keyboard/AndroidManifest.xml:3:5-41
	android:versionName
		ADDED from myApps/keyboard/AndroidManifest.xml:5:5-30
	android:versionCode
		ADDED from myApps/keyboard/AndroidManifest.xml:4:5-28
		INJECTED from myApps/keyboard/AndroidManifest.xml
		INJECTED from myApps/keyboard/AndroidManifest.xml
	android:installLocation
		ADDED from myApps/keyboard/AndroidManifest.xml:6:5-45
uses-sdk
ADDED from myApps/keyboard/AndroidManifest.xml:8:5-10:41
MERGED from [keyboard:ofAndroidLib:unspecified] AndroidManifest.xml:7:5-9:41
	android:targetSdkVersion
		ADDED from myApps/keyboard/AndroidManifest.xml:10:9-38
		INJECTED from myApps/keyboard/AndroidManifest.xml
		INJECTED from myApps/keyboard/AndroidManifest.xml
	android:minSdkVersion
		ADDED from myApps/keyboard/AndroidManifest.xml:9:9-34
		INJECTED from myApps/keyboard/AndroidManifest.xml
		INJECTED from myApps/keyboard/AndroidManifest.xml
uses-permission#android.permission.WRITE_EXTERNAL_STORAGE
ADDED from myApps/keyboard/AndroidManifest.xml:12:5-97
	android:name
		ADDED from myApps/keyboard/AndroidManifest.xml:12:22-78
application
ADDED from myApps/keyboard/AndroidManifest.xml:14:5-28:19
	android:label
		ADDED from myApps/keyboard/AndroidManifest.xml:17:9-41
	android:allowBackup
		ADDED from myApps/keyboard/AndroidManifest.xml:15:9-35
	android:icon
		ADDED from myApps/keyboard/AndroidManifest.xml:16:9-45
	android:theme
		ADDED from myApps/keyboard/AndroidManifest.xml:18:9-40
activity#cc.openframeworks.keyboard.OFActivity
ADDED from myApps/keyboard/AndroidManifest.xml:19:9-27:20
	android:label
		ADDED from myApps/keyboard/AndroidManifest.xml:21:13-45
	android:configChanges
		ADDED from myApps/keyboard/AndroidManifest.xml:21:47-93
	android:name
		ADDED from myApps/keyboard/AndroidManifest.xml:20:13-39
intent-filter#android.intent.action.MAIN+android.intent.category.LAUNCHER
ADDED from myApps/keyboard/AndroidManifest.xml:22:13-26:29
action#android.intent.action.MAIN
ADDED from myApps/keyboard/AndroidManifest.xml:23:17-69
	android:name
		ADDED from myApps/keyboard/AndroidManifest.xml:23:25-66
category#android.intent.category.LAUNCHER
ADDED from myApps/keyboard/AndroidManifest.xml:25:17-77
	android:name
		ADDED from myApps/keyboard/AndroidManifest.xml:25:27-74